2014/03/09 07:49:15 [error] [exception.CException] exception 'CException' with message 'Property "Product.title" is not defined.' in C:\wamp\www\yii\framework\base\CComponent.php:130
Stack trace:
#0 C:\wamp\www\yii\framework\db\ar\CActiveRecord.php(145): CComponent->__get('title')
#1 C:\wamp\www\yii\framework\web\helpers\CHtml.php(2529): CActiveRecord->__get('title')
#2 C:\wamp\www\yii\framework\web\helpers\CHtml.php(1802): CHtml::resolveValue(Object(Product), 'title')
#3 C:\wamp\www\yii\framework\web\widgets\CActiveForm.php(847): CHtml::activeDropDownList(Object(Product), 'title', Array, Array)
#4 C:\wamp\www\project\protected\views\product\_form.php(49): CActiveForm->dropDownList(Object(Product), 'title', Array, Array)
#5 C:\wamp\www\yii\framework\web\CBaseController.php(126): require('C:\wamp\www\pro...')
#6 C:\wamp\www\yii\framework\web\CBaseController.php(95): CBaseController->renderInternal('C:\wamp\www\pro...', Array, true)
#7 C:\wamp\www\yii\framework\web\CController.php(869): CBaseController->renderFile('C:\wamp\www\pro...', Array, true)
#8 C:\wamp\www\project\protected\views\product\update.php(21): CController->renderPartial('_form', Array)
#9 C:\wamp\www\yii\framework\web\CBaseController.php(126): require('C:\wamp\www\pro...')
#10 C:\wamp\www\yii\framework\web\CBaseController.php(95): CBaseController->renderInternal('C:\wamp\www\pro...', Array, true)
#11 C:\wamp\www\yii\framework\web\CController.php(869): CBaseController->renderFile('C:\wamp\www\pro...', Array, true)
#12 C:\wamp\www\yii\framework\web\CController.php(782): CController->renderPartial('update', Array, true)
#13 C:\wamp\www\project\protected\controllers\ProductController.php(103): CController->render('update', Array)
#14 [internal function]: ProductController->actionUpdate('1')
#15 C:\wamp\www\yii\framework\web\actions\CAction.php(108): ReflectionMethod->invokeArgs(Object(ProductController), Array)
#16 C:\wamp\www\yii\framework\web\actions\CInlineAction.php(47): CAction->runWithParamsInternal(Object(ProductController), Object(ReflectionMethod), Array)
#17 C:\wamp\www\yii\framework\web\CController.php(308): CInlineAction->runWithParams(Array)
#18 C:\wamp\www\yii\framework\web\filters\CFilterChain.php(133): CController->runAction(Object(CInlineAction))
#19 C:\wamp\www\yii\framework\web\filters\CFilter.php(40): CFilterChain->run()
#20 C:\wamp\www\yii\framework\web\CController.php(1145): CFilter->filter(Object(CFilterChain))
#21 C:\wamp\www\yii\framework\web\filters\CInlineFilter.php(58): CController->filterAccessControl(Object(CFilterChain))
#22 C:\wamp\www\yii\framework\web\filters\CFilterChain.php(130): CInlineFilter->filter(Object(CFilterChain))
#23 C:\wamp\www\yii\framework\web\CController.php(291): CFilterChain->run()
#24 C:\wamp\www\yii\framework\web\CController.php(265): CController->runActionWithFilters(Object(CInlineAction), Array)
#25 C:\wamp\www\yii\framework\web\CWebApplication.php(282): CController->run('update')
#26 C:\wamp\www\yii\framework\web\CWebApplication.php(141): CWebApplication->runController('product/update')
#27 C:\wamp\www\yii\framework\base\CApplication.php(180): CWebApplication->processRequest()
#28 C:\wamp\www\project\index.php(13): CApplication->run()
#29 {main}
REQUEST_URI=/project/index.php?r=product/update&id=1
HTTP_REFERER=http://localhost/project/index.php?r=product/view&id=1
---
2014/03/09 07:49:18 [error] [exception.CException] exception 'CException' with message 'Property "Product.title" is not defined.' in C:\wamp\www\yii\framework\base\CComponent.php:130
Stack trace:
#0 C:\wamp\www\yii\framework\db\ar\CActiveRecord.php(145): CComponent->__get('title')
#1 C:\wamp\www\yii\framework\web\helpers\CHtml.php(2529): CActiveRecord->__get('title')
#2 C:\wamp\www\yii\framework\web\helpers\CHtml.php(1802): CHtml::resolveValue(Object(Product), 'title')
#3 C:\wamp\www\yii\framework\web\widgets\CActiveForm.php(847): CHtml::activeDropDownList(Object(Product), 'title', Array, Array)
#4 C:\wamp\www\project\protected\views\product\_form.php(49): CActiveForm->dropDownList(Object(Product), 'title', Array, Array)
#5 C:\wamp\www\yii\framework\web\CBaseController.php(126): require('C:\wamp\www\pro...')
#6 C:\wamp\www\yii\framework\web\CBaseController.php(95): CBaseController->renderInternal('C:\wamp\www\pro...', Array, true)
#7 C:\wamp\www\yii\framework\web\CController.php(869): CBaseController->renderFile('C:\wamp\www\pro...', Array, true)
#8 C:\wamp\www\project\protected\views\product\update.php(21): CController->renderPartial('_form', Array)
#9 C:\wamp\www\yii\framework\web\CBaseController.php(126): require('C:\wamp\www\pro...')
#10 C:\wamp\www\yii\framework\web\CBaseController.php(95): CBaseController->renderInternal('C:\wamp\www\pro...', Array, true)
#11 C:\wamp\www\yii\framework\web\CController.php(869): CBaseController->renderFile('C:\wamp\www\pro...', Array, true)
#12 C:\wamp\www\yii\framework\web\CController.php(782): CController->renderPartial('update', Array, true)
#13 C:\wamp\www\project\protected\controllers\ProductController.php(103): CController->render('update', Array)
#14 [internal function]: ProductController->actionUpdate('1')
#15 C:\wamp\www\yii\framework\web\actions\CAction.php(108): ReflectionMethod->invokeArgs(Object(ProductController), Array)
#16 C:\wamp\www\yii\framework\web\actions\CInlineAction.php(47): CAction->runWithParamsInternal(Object(ProductController), Object(ReflectionMethod), Array)
#17 C:\wamp\www\yii\framework\web\CController.php(308): CInlineAction->runWithParams(Array)
#18 C:\wamp\www\yii\framework\web\filters\CFilterChain.php(133): CController->runAction(Object(CInlineAction))
#19 C:\wamp\www\yii\framework\web\filters\CFilter.php(40): CFilterChain->run()
#20 C:\wamp\www\yii\framework\web\CController.php(1145): CFilter->filter(Object(CFilterChain))
#21 C:\wamp\www\yii\framework\web\filters\CInlineFilter.php(58): CController->filterAccessControl(Object(CFilterChain))
#22 C:\wamp\www\yii\framework\web\filters\CFilterChain.php(130): CInlineFilter->filter(Object(CFilterChain))
#23 C:\wamp\www\yii\framework\web\CController.php(291): CFilterChain->run()
#24 C:\wamp\www\yii\framework\web\CController.php(265): CController->runActionWithFilters(Object(CInlineAction), Array)
#25 C:\wamp\www\yii\framework\web\CWebApplication.php(282): CController->run('update')
#26 C:\wamp\www\yii\framework\web\CWebApplication.php(141): CWebApplication->runController('product/update')
#27 C:\wamp\www\yii\framework\base\CApplication.php(180): CWebApplication->processRequest()
#28 C:\wamp\www\project\index.php(13): CApplication->run()
#29 {main}
REQUEST_URI=/project/index.php?r=product/update&id=1
HTTP_REFERER=http://localhost/project/index.php?r=product/view&id=1
---
2014/03/12 06:17:06 [error] [php] Use of undefined constant multipart - assumed 'multipart' (C:\wamp\www\project\protected\views\product\_form.php:11)
Stack trace:
#0 C:\wamp\www\yii\framework\web\CController.php(869): ProductController->renderFile()
#1 C:\wamp\www\project\protected\views\product\update.php(21): ProductController->renderPartial()
#2 C:\wamp\www\yii\framework\web\CBaseController.php(126): require()
#3 C:\wamp\www\yii\framework\web\CBaseController.php(95): ProductController->renderInternal()
#4 C:\wamp\www\yii\framework\web\CController.php(869): ProductController->renderFile()
#5 C:\wamp\www\yii\framework\web\CController.php(782): ProductController->renderPartial()
#6 C:\wamp\www\project\protected\controllers\ProductController.php(114): ProductController->render()
#7 unknown(0): ProductController->actionUpdate()
#8 C:\wamp\www\yii\framework\web\actions\CAction.php(108): ReflectionMethod->invokeArgs()
#9 C:\wamp\www\yii\framework\web\actions\CInlineAction.php(47): CInlineAction->runWithParamsInternal()
#10 C:\wamp\www\yii\framework\web\CController.php(308): CInlineAction->runWithParams()
#11 C:\wamp\www\yii\framework\web\filters\CFilterChain.php(133): ProductController->runAction()
#12 C:\wamp\www\yii\framework\web\filters\CFilter.php(40): CFilterChain->run()
#13 C:\wamp\www\yii\framework\web\CController.php(1145): CAccessControlFilter->filter()
#14 C:\wamp\www\yii\framework\web\filters\CInlineFilter.php(58): ProductController->filterAccessControl()
#15 C:\wamp\www\yii\framework\web\filters\CFilterChain.php(130): CInlineFilter->filter()
#16 C:\wamp\www\yii\framework\web\CController.php(291): CFilterChain->run()
#17 C:\wamp\www\yii\framework\web\CController.php(265): ProductController->runActionWithFilters()
#18 C:\wamp\www\yii\framework\web\CWebApplication.php(282): ProductController->run()
#19 C:\wamp\www\yii\framework\web\CWebApplication.php(141): CWebApplication->runController()
#20 C:\wamp\www\yii\framework\base\CApplication.php(180): CWebApplication->processRequest()
#21 C:\wamp\www\project\index.php(13): CWebApplication->run()
REQUEST_URI=/project/index.php?r=product/update&id=1
in C:\wamp\www\project\protected\views\product\_form.php (11)
in C:\wamp\www\project\protected\views\product\update.php (21)
in C:\wamp\www\project\protected\controllers\ProductController.php (114)
2014/03/12 06:19:17 [warning] [application] Failed to set unsafe attribute "image" of "Product".
in C:\wamp\www\project\protected\controllers\ProductController.php (107)
in C:\wamp\www\project\index.php (13)
2014/03/12 06:21:07 [warning] [application] Failed to set unsafe attribute "image" of "Product".
in C:\wamp\www\project\protected\controllers\ProductController.php (107)
in C:\wamp\www\project\index.php (13)
2014/03/12 06:22:34 [warning] [application] Failed to set unsafe attribute "image" of "Product".
in C:\wamp\www\project\protected\controllers\ProductController.php (108)
in C:\wamp\www\project\index.php (13)
2014/03/12 06:24:58 [warning] [application] Failed to set unsafe attribute "image" of "Product".
in C:\wamp\www\project\protected\controllers\ProductController.php (109)
in C:\wamp\www\project\index.php (13)
2014/03/12 06:24:58 [error] [php] include(CUploadeFile.php): failed to open stream: No such file or directory (C:\wamp\www\yii\framework\YiiBase.php:427)
Stack trace:
#0 C:\wamp\www\project\protected\controllers\ProductController.php(111): spl_autoload_call()
#1 unknown(0): ProductController->actionUpdate()
#2 C:\wamp\www\yii\framework\web\actions\CAction.php(108): ReflectionMethod->invokeArgs()
#3 C:\wamp\www\yii\framework\web\actions\CInlineAction.php(47): CInlineAction->runWithParamsInternal()
#4 C:\wamp\www\yii\framework\web\CController.php(308): CInlineAction->runWithParams()
#5 C:\wamp\www\yii\framework\web\filters\CFilterChain.php(133): ProductController->runAction()
#6 C:\wamp\www\yii\framework\web\filters\CFilter.php(40): CFilterChain->run()
#7 C:\wamp\www\yii\framework\web\CController.php(1145): CAccessControlFilter->filter()
#8 C:\wamp\www\yii\framework\web\filters\CInlineFilter.php(58): ProductController->filterAccessControl()
#9 C:\wamp\www\yii\framework\web\filters\CFilterChain.php(130): CInlineFilter->filter()
#10 C:\wamp\www\yii\framework\web\CController.php(291): CFilterChain->run()
#11 C:\wamp\www\yii\framework\web\CController.php(265): ProductController->runActionWithFilters()
#12 C:\wamp\www\yii\framework\web\CWebApplication.php(282): ProductController->run()
#13 C:\wamp\www\yii\framework\web\CWebApplication.php(141): CWebApplication->runController()
#14 C:\wamp\www\yii\framework\base\CApplication.php(180): CWebApplication->processRequest()
#15 C:\wamp\www\project\index.php(13): CWebApplication->run()
REQUEST_URI=/project/index.php?r=product/update&id=1
in C:\wamp\www\project\protected\controllers\ProductController.php (111)
in C:\wamp\www\project\index.php (13)
2014/03/12 06:27:04 [warning] [application] Failed to set unsafe attribute "image" of "Product".
in C:\wamp\www\project\protected\controllers\ProductController.php (109)
in C:\wamp\www\project\index.php (13)
2014/03/12 06:27:04 [error] [php] include(CUploadeFile.php): failed to open stream: No such file or directory (C:\wamp\www\yii\framework\YiiBase.php:427)
Stack trace:
#0 C:\wamp\www\project\protected\controllers\ProductController.php(111): spl_autoload_call()
#1 unknown(0): ProductController->actionUpdate()
#2 C:\wamp\www\yii\framework\web\actions\CAction.php(108): ReflectionMethod->invokeArgs()
#3 C:\wamp\www\yii\framework\web\actions\CInlineAction.php(47): CInlineAction->runWithParamsInternal()
#4 C:\wamp\www\yii\framework\web\CController.php(308): CInlineAction->runWithParams()
#5 C:\wamp\www\yii\framework\web\filters\CFilterChain.php(133): ProductController->runAction()
#6 C:\wamp\www\yii\framework\web\filters\CFilter.php(40): CFilterChain->run()
#7 C:\wamp\www\yii\framework\web\CController.php(1145): CAccessControlFilter->filter()
#8 C:\wamp\www\yii\framework\web\filters\CInlineFilter.php(58): ProductController->filterAccessControl()
#9 C:\wamp\www\yii\framework\web\filters\CFilterChain.php(130): CInlineFilter->filter()
#10 C:\wamp\www\yii\framework\web\CController.php(291): CFilterChain->run()
#11 C:\wamp\www\yii\framework\web\CController.php(265): ProductController->runActionWithFilters()
#12 C:\wamp\www\yii\framework\web\CWebApplication.php(282): ProductController->run()
#13 C:\wamp\www\yii\framework\web\CWebApplication.php(141): CWebApplication->runController()
#14 C:\wamp\www\yii\framework\base\CApplication.php(180): CWebApplication->processRequest()
#15 C:\wamp\www\project\index.php(13): CWebApplication->run()
REQUEST_URI=/project/index.php?r=product/update&id=1
in C:\wamp\www\project\protected\controllers\ProductController.php (111)
in C:\wamp\www\project\index.php (13)
2014/03/12 06:27:41 [warning] [application] Failed to set unsafe attribute "image" of "Product".
in C:\wamp\www\project\protected\controllers\ProductController.php (109)
in C:\wamp\www\project\index.php (13)
2014/03/12 06:27:41 [error] [php] include(CUploadeFile.php): failed to open stream: No such file or directory (C:\wamp\www\yii\framework\YiiBase.php:427)
Stack trace:
#0 C:\wamp\www\project\protected\controllers\ProductController.php(111): spl_autoload_call()
#1 unknown(0): ProductController->actionUpdate()
#2 C:\wamp\www\yii\framework\web\actions\CAction.php(108): ReflectionMethod->invokeArgs()
#3 C:\wamp\www\yii\framework\web\actions\CInlineAction.php(47): CInlineAction->runWithParamsInternal()
#4 C:\wamp\www\yii\framework\web\CController.php(308): CInlineAction->runWithParams()
#5 C:\wamp\www\yii\framework\web\filters\CFilterChain.php(133): ProductController->runAction()
#6 C:\wamp\www\yii\framework\web\filters\CFilter.php(40): CFilterChain->run()
#7 C:\wamp\www\yii\framework\web\CController.php(1145): CAccessControlFilter->filter()
#8 C:\wamp\www\yii\framework\web\filters\CInlineFilter.php(58): ProductController->filterAccessControl()
#9 C:\wamp\www\yii\framework\web\filters\CFilterChain.php(130): CInlineFilter->filter()
#10 C:\wamp\www\yii\framework\web\CController.php(291): CFilterChain->run()
#11 C:\wamp\www\yii\framework\web\CController.php(265): ProductController->runActionWithFilters()
#12 C:\wamp\www\yii\framework\web\CWebApplication.php(282): ProductController->run()
#13 C:\wamp\www\yii\framework\web\CWebApplication.php(141): CWebApplication->runController()
#14 C:\wamp\www\yii\framework\base\CApplication.php(180): CWebApplication->processRequest()
#15 C:\wamp\www\project\index.php(13): CWebApplication->run()
REQUEST_URI=/project/index.php?r=product/update&id=1
in C:\wamp\www\project\protected\controllers\ProductController.php (111)
in C:\wamp\www\project\index.php (13)
2014/03/12 06:28:12 [warning] [application] Failed to set unsafe attribute "image" of "Product".
in C:\wamp\www\project\protected\controllers\ProductController.php (109)
in C:\wamp\www\project\index.php (13)
2014/03/12 06:28:12 [error] [exception.CException] exception 'CException' with message 'CUploadedFile and its behaviors do not have a method or closure named "getExtentionName".' in C:\wamp\www\yii\framework\base\CComponent.php:266
Stack trace:
#0 C:\wamp\www\project\protected\controllers\ProductController.php(113): CComponent->__call('getExtentionNam...', Array)
#1 C:\wamp\www\project\protected\controllers\ProductController.php(113): CUploadedFile->getExtentionName()
#2 [internal function]: ProductController->actionUpdate('1')
#3 C:\wamp\www\yii\framework\web\actions\CAction.php(108): ReflectionMethod->invokeArgs(Object(ProductController), Array)
#4 C:\wamp\www\yii\framework\web\actions\CInlineAction.php(47): CAction->runWithParamsInternal(Object(ProductController), Object(ReflectionMethod), Array)
#5 C:\wamp\www\yii\framework\web\CController.php(308): CInlineAction->runWithParams(Array)
#6 C:\wamp\www\yii\framework\web\filters\CFilterChain.php(133): CController->runAction(Object(CInlineAction))
#7 C:\wamp\www\yii\framework\web\filters\CFilter.php(40): CFilterChain->run()
#8 C:\wamp\www\yii\framework\web\CController.php(1145): CFilter->filter(Object(CFilterChain))
#9 C:\wamp\www\yii\framework\web\filters\CInlineFilter.php(58): CController->filterAccessControl(Object(CFilterChain))
#10 C:\wamp\www\yii\framework\web\filters\CFilterChain.php(130): CInlineFilter->filter(Object(CFilterChain))
#11 C:\wamp\www\yii\framework\web\CController.php(291): CFilterChain->run()
#12 C:\wamp\www\yii\framework\web\CController.php(265): CController->runActionWithFilters(Object(CInlineAction), Array)
#13 C:\wamp\www\yii\framework\web\CWebApplication.php(282): CController->run('update')
#14 C:\wamp\www\yii\framework\web\CWebApplication.php(141): CWebApplication->runController('product/update')
#15 C:\wamp\www\yii\framework\base\CApplication.php(180): CWebApplication->processRequest()
#16 C:\wamp\www\project\index.php(13): CApplication->run()
#17 {main}
REQUEST_URI=/project/index.php?r=product/update&id=1
HTTP_REFERER=http://localhost/project/index.php?r=product/update&id=1
---
2014/03/12 06:29:18 [warning] [application] Failed to set unsafe attribute "image" of "Product".
in C:\wamp\www\project\protected\controllers\ProductController.php (109)
in C:\wamp\www\project\index.php (13)
2014/03/12 06:30:09 [warning] [application] Failed to set unsafe attribute "image" of "Product".
in C:\wamp\www\project\protected\controllers\ProductController.php (109)
in C:\wamp\www\project\index.php (13)
2014/03/12 06:30:12 [warning] [application] Failed to set unsafe attribute "image" of "Product".
in C:\wamp\www\project\protected\controllers\ProductController.php (109)
in C:\wamp\www\project\index.php (13)
2014/03/12 06:30:48 [warning] [application] Failed to set unsafe attribute "image" of "Product".
in C:\wamp\www\project\protected\controllers\ProductController.php (109)
in C:\wamp\www\project\index.php (13)
2014/03/12 06:33:08 [warning] [application] Failed to set unsafe attribute "image" of "Product".
in C:\wamp\www\project\protected\controllers\ProductController.php (109)
in C:\wamp\www\project\index.php (13)
2014/03/12 06:33:45 [warning] [application] Failed to set unsafe attribute "image" of "Product".
in C:\wamp\www\project\protected\controllers\ProductController.php (109)
in C:\wamp\www\project\index.php (13)
2014/03/12 06:33:45 [error] [exception.CException] exception 'CException' with message 'Property "Product.images" is not defined.' in C:\wamp\www\yii\framework\base\CComponent.php:173
Stack trace:
#0 C:\wamp\www\yii\framework\db\ar\CActiveRecord.php(161): CComponent->__set('images', 'sofa.jpg')
#1 C:\wamp\www\project\protected\controllers\ProductController.php(117): CActiveRecord->__set('images', 'sofa.jpg')
#2 [internal function]: ProductController->actionUpdate('1')
#3 C:\wamp\www\yii\framework\web\actions\CAction.php(108): ReflectionMethod->invokeArgs(Object(ProductController), Array)
#4 C:\wamp\www\yii\framework\web\actions\CInlineAction.php(47): CAction->runWithParamsInternal(Object(ProductController), Object(ReflectionMethod), Array)
#5 C:\wamp\www\yii\framework\web\CController.php(308): CInlineAction->runWithParams(Array)
#6 C:\wamp\www\yii\framework\web\filters\CFilterChain.php(133): CController->runAction(Object(CInlineAction))
#7 C:\wamp\www\yii\framework\web\filters\CFilter.php(40): CFilterChain->run()
#8 C:\wamp\www\yii\framework\web\CController.php(1145): CFilter->filter(Object(CFilterChain))
#9 C:\wamp\www\yii\framework\web\filters\CInlineFilter.php(58): CController->filterAccessControl(Object(CFilterChain))
#10 C:\wamp\www\yii\framework\web\filters\CFilterChain.php(130): CInlineFilter->filter(Object(CFilterChain))
#11 C:\wamp\www\yii\framework\web\CController.php(291): CFilterChain->run()
#12 C:\wamp\www\yii\framework\web\CController.php(265): CController->runActionWithFilters(Object(CInlineAction), Array)
#13 C:\wamp\www\yii\framework\web\CWebApplication.php(282): CController->run('update')
#14 C:\wamp\www\yii\framework\web\CWebApplication.php(141): CWebApplication->runController('product/update')
#15 C:\wamp\www\yii\framework\base\CApplication.php(180): CWebApplication->processRequest()
#16 C:\wamp\www\project\index.php(13): CApplication->run()
#17 {main}
REQUEST_URI=/project/index.php?r=product/update&id=1
HTTP_REFERER=http://localhost/project/index.php?r=product/update&id=1
---
2014/03/12 06:34:00 [warning] [application] Failed to set unsafe attribute "image" of "Product".
in C:\wamp\www\project\protected\controllers\ProductController.php (109)
in C:\wamp\www\project\index.php (13)
2014/03/12 06:35:40 [warning] [application] Failed to set unsafe attribute "image" of "Product".
in C:\wamp\www\project\protected\controllers\ProductController.php (109)
in C:\wamp\www\project\index.php (13)
2014/03/12 06:35:40 [error] [php] Undefined variable: uploadFile (C:\wamp\www\project\protected\controllers\ProductController.php:122)
Stack trace:
#0 C:\wamp\www\yii\framework\web\actions\CInlineAction.php(47): CInlineAction->runWithParamsInternal()
#1 C:\wamp\www\yii\framework\web\CController.php(308): CInlineAction->runWithParams()
#2 C:\wamp\www\yii\framework\web\filters\CFilterChain.php(133): ProductController->runAction()
#3 C:\wamp\www\yii\framework\web\filters\CFilter.php(40): CFilterChain->run()
#4 C:\wamp\www\yii\framework\web\CController.php(1145): CAccessControlFilter->filter()
#5 C:\wamp\www\yii\framework\web\filters\CInlineFilter.php(58): ProductController->filterAccessControl()
#6 C:\wamp\www\yii\framework\web\filters\CFilterChain.php(130): CInlineFilter->filter()
#7 C:\wamp\www\yii\framework\web\CController.php(291): CFilterChain->run()
#8 C:\wamp\www\yii\framework\web\CController.php(265): ProductController->runActionWithFilters()
#9 C:\wamp\www\yii\framework\web\CWebApplication.php(282): ProductController->run()
#10 C:\wamp\www\yii\framework\web\CWebApplication.php(141): CWebApplication->runController()
#11 C:\wamp\www\yii\framework\base\CApplication.php(180): CWebApplication->processRequest()
#12 C:\wamp\www\project\index.php(13): CWebApplication->run()
REQUEST_URI=/project/index.php?r=product/update&id=1
in C:\wamp\www\project\protected\controllers\ProductController.php (122)
in C:\wamp\www\project\index.php (13)
2014/03/12 06:36:13 [warning] [application] Failed to set unsafe attribute "image" of "Product".
in C:\wamp\www\project\protected\controllers\ProductController.php (109)
in C:\wamp\www\project\index.php (13)
2014/03/12 06:37:10 [warning] [application] Failed to set unsafe attribute "image" of "Product".
in C:\wamp\www\project\protected\controllers\ProductController.php (109)
in C:\wamp\www\project\index.php (13)
2014/03/12 06:37:18 [warning] [application] Failed to set unsafe attribute "image" of "Product".
in C:\wamp\www\project\protected\controllers\ProductController.php (109)
in C:\wamp\www\project\index.php (13)
2014/03/12 06:37:30 [warning] [application] Failed to set unsafe attribute "image" of "Product".
in C:\wamp\www\project\protected\controllers\ProductController.php (109)
in C:\wamp\www\project\index.php (13)
2014/03/12 06:47:18 [warning] [application] Failed to set unsafe attribute "image" of "Product".
in C:\wamp\www\project\protected\controllers\ProductController.php (109)
in C:\wamp\www\project\index.php (13)
2014/03/12 06:51:58 [warning] [application] Failed to set unsafe attribute "image" of "Product".
in C:\wamp\www\project\protected\controllers\ProductController.php (72)
in C:\wamp\www\project\index.php (13)
2014/03/12 06:52:25 [warning] [application] Failed to set unsafe attribute "image" of "Product".
in C:\wamp\www\project\protected\controllers\ProductController.php (109)
in C:\wamp\www\project\index.php (13)
2014/03/12 06:55:26 [error] [php] Undefined variable: model (C:\wamp\www\project\protected\views\product\_view.php:33)
Stack trace:
#0 C:\wamp\www\yii\framework\zii\widgets\CListView.php(291): ProductController->renderFile()
#1 C:\wamp\www\yii\framework\zii\widgets\CBaseListView.php(167): CListView->renderItems()
#2 unknown(0): CListView->renderSection()
#3 C:\wamp\www\yii\framework\zii\widgets\CBaseListView.php(150): preg_replace_callback()
#4 C:\wamp\www\yii\framework\zii\widgets\CBaseListView.php(135): CListView->renderContent()
#5 C:\wamp\www\yii\framework\web\CBaseController.php(173): CListView->run()
#6 C:\wamp\www\project\protected\views\product\index.php(20): ProductController->widget()
#7 C:\wamp\www\yii\framework\web\CBaseController.php(126): require()
#8 C:\wamp\www\yii\framework\web\CBaseController.php(95): ProductController->renderInternal()
#9 C:\wamp\www\yii\framework\web\CController.php(869): ProductController->renderFile()
#10 C:\wamp\www\yii\framework\web\CController.php(782): ProductController->renderPartial()
#11 C:\wamp\www\project\protected\controllers\ProductController.php(155): ProductController->render()
#12 C:\wamp\www\yii\framework\web\actions\CInlineAction.php(49): ProductController->actionIndex()
#13 C:\wamp\www\yii\framework\web\CController.php(308): CInlineAction->runWithParams()
#14 C:\wamp\www\yii\framework\web\filters\CFilterChain.php(133): ProductController->runAction()
#15 C:\wamp\www\yii\framework\web\filters\CFilter.php(40): CFilterChain->run()
#16 C:\wamp\www\yii\framework\web\CController.php(1145): CAccessControlFilter->filter()
#17 C:\wamp\www\yii\framework\web\filters\CInlineFilter.php(58): ProductController->filterAccessControl()
#18 C:\wamp\www\yii\framework\web\filters\CFilterChain.php(130): CInlineFilter->filter()
#19 C:\wamp\www\yii\framework\web\CController.php(291): CFilterChain->run()
#20 C:\wamp\www\yii\framework\web\CController.php(265): ProductController->runActionWithFilters()
#21 C:\wamp\www\yii\framework\web\CWebApplication.php(282): ProductController->run()
#22 C:\wamp\www\yii\framework\web\CWebApplication.php(141): CWebApplication->runController()
#23 C:\wamp\www\yii\framework\base\CApplication.php(180): CWebApplication->processRequest()
#24 C:\wamp\www\project\index.php(13): CWebApplication->run()
REQUEST_URI=/project/index.php?r=product/index
in C:\wamp\www\project\protected\views\product\_view.php (33)
in C:\wamp\www\project\protected\views\product\index.php (20)
in C:\wamp\www\project\protected\controllers\ProductController.php (155)
2014/03/12 06:57:36 [warning] [application] Failed to set unsafe attribute "image" of "Product".
in C:\wamp\www\project\protected\controllers\ProductController.php (109)
in C:\wamp\www\project\index.php (13)
2014/03/12 06:57:46 [warning] [application] Failed to set unsafe attribute "image" of "Product".
in C:\wamp\www\project\protected\controllers\ProductController.php (109)
in C:\wamp\www\project\index.php (13)
2014/03/12 07:00:13 [error] [exception.CException] exception 'CException' with message 'Alias "application.extensions.addresspicker.addresspicker" is invalid. Make sure it points to an existing PHP file and the file is readable.' in C:\wamp\www\yii\framework\YiiBase.php:322
Stack trace:
#0 C:\wamp\www\yii\framework\web\CWidgetFactory.php(146): YiiBase::import('application.ext...', true)
#1 C:\wamp\www\yii\framework\web\CBaseController.php(146): CWidgetFactory->createWidget(Object(SiteController), 'application.ext...', Array)
#2 C:\wamp\www\yii\framework\web\CBaseController.php(172): CBaseController->createWidget('application.ext...', Array)
#3 C:\wamp\www\project\protected\views\site\pages\about.php(16): CBaseController->widget('application.ext...', Array)
#4 C:\wamp\www\yii\framework\web\CBaseController.php(126): require('C:\wamp\www\pro...')
#5 C:\wamp\www\yii\framework\web\CBaseController.php(95): CBaseController->renderInternal('C:\wamp\www\pro...', NULL, true)
#6 C:\wamp\www\yii\framework\web\CController.php(869): CBaseController->renderFile('C:\wamp\www\pro...', NULL, true)
#7 C:\wamp\www\yii\framework\web\CController.php(782): CController->renderPartial('pages/about', NULL, true)
#8 C:\wamp\www\yii\framework\web\actions\CViewAction.php(140): CController->render('pages/about')
#9 C:\wamp\www\yii\framework\web\actions\CAction.php(76): CViewAction->run()
#10 C:\wamp\www\yii\framework\web\CController.php(308): CAction->runWithParams(Array)
#11 C:\wamp\www\yii\framework\web\CController.php(286): CController->runAction(Object(CViewAction))
#12 C:\wamp\www\yii\framework\web\CController.php(265): CController->runActionWithFilters(Object(CViewAction), Array)
#13 C:\wamp\www\yii\framework\web\CWebApplication.php(282): CController->run('page')
#14 C:\wamp\www\yii\framework\web\CWebApplication.php(141): CWebApplication->runController('site/page')
#15 C:\wamp\www\yii\framework\base\CApplication.php(180): CWebApplication->processRequest()
#16 C:\wamp\www\project\index.php(13): CApplication->run()
#17 {main}
REQUEST_URI=/project/index.php?r=site/page&view=about
HTTP_REFERER=http://localhost/project/index.php?r=product/view&id=2
---
2014/03/12 07:00:55 [error] [exception.CException] exception 'CException' with message 'Alias "ext.addresspicker.addresspicker" is invalid. Make sure it points to an existing PHP file and the file is readable.' in C:\wamp\www\yii\framework\YiiBase.php:322
Stack trace:
#0 C:\wamp\www\yii\framework\web\CWidgetFactory.php(146): YiiBase::import('ext.addresspick...', true)
#1 C:\wamp\www\yii\framework\web\CBaseController.php(146): CWidgetFactory->createWidget(Object(SiteController), 'ext.addresspick...', Array)
#2 C:\wamp\www\yii\framework\web\CBaseController.php(172): CBaseController->createWidget('ext.addresspick...', Array)
#3 C:\wamp\www\project\protected\views\site\pages\about.php(16): CBaseController->widget('ext.addresspick...', Array)
#4 C:\wamp\www\yii\framework\web\CBaseController.php(126): require('C:\wamp\www\pro...')
#5 C:\wamp\www\yii\framework\web\CBaseController.php(95): CBaseController->renderInternal('C:\wamp\www\pro...', NULL, true)
#6 C:\wamp\www\yii\framework\web\CController.php(869): CBaseController->renderFile('C:\wamp\www\pro...', NULL, true)
#7 C:\wamp\www\yii\framework\web\CController.php(782): CController->renderPartial('pages/about', NULL, true)
#8 C:\wamp\www\yii\framework\web\actions\CViewAction.php(140): CController->render('pages/about')
#9 C:\wamp\www\yii\framework\web\actions\CAction.php(76): CViewAction->run()
#10 C:\wamp\www\yii\framework\web\CController.php(308): CAction->runWithParams(Array)
#11 C:\wamp\www\yii\framework\web\CController.php(286): CController->runAction(Object(CViewAction))
#12 C:\wamp\www\yii\framework\web\CController.php(265): CController->runActionWithFilters(Object(CViewAction), Array)
#13 C:\wamp\www\yii\framework\web\CWebApplication.php(282): CController->run('page')
#14 C:\wamp\www\yii\framework\web\CWebApplication.php(141): CWebApplication->runController('site/page')
#15 C:\wamp\www\yii\framework\base\CApplication.php(180): CWebApplication->processRequest()
#16 C:\wamp\www\project\index.php(13): CApplication->run()
#17 {main}
REQUEST_URI=/project/index.php?r=site/page&view=about
HTTP_REFERER=http://localhost/project/index.php?r=product/view&id=2
---
2014/03/12 07:13:06 [error] [exception.CException] exception 'CException' with message 'Alias "ext.RGmapPicker.RGmapPicker" is invalid. Make sure it points to an existing PHP file and the file is readable.' in C:\wamp\www\yii\framework\YiiBase.php:322
Stack trace:
#0 C:\wamp\www\yii\framework\web\CWidgetFactory.php(146): YiiBase::import('ext.RGmapPicker...', true)
#1 C:\wamp\www\yii\framework\web\CBaseController.php(146): CWidgetFactory->createWidget(Object(SiteController), 'ext.RGmapPicker...', Array)
#2 C:\wamp\www\yii\framework\web\CBaseController.php(172): CBaseController->createWidget('ext.RGmapPicker...', Array)
#3 C:\wamp\www\project\protected\views\site\pages\about.php(29): CBaseController->widget('ext.RGmapPicker...', Array)
#4 C:\wamp\www\yii\framework\web\CBaseController.php(126): require('C:\wamp\www\pro...')
#5 C:\wamp\www\yii\framework\web\CBaseController.php(95): CBaseController->renderInternal('C:\wamp\www\pro...', NULL, true)
#6 C:\wamp\www\yii\framework\web\CController.php(869): CBaseController->renderFile('C:\wamp\www\pro...', NULL, true)
#7 C:\wamp\www\yii\framework\web\CController.php(782): CController->renderPartial('pages/about', NULL, true)
#8 C:\wamp\www\yii\framework\web\actions\CViewAction.php(140): CController->render('pages/about')
#9 C:\wamp\www\yii\framework\web\actions\CAction.php(76): CViewAction->run()
#10 C:\wamp\www\yii\framework\web\CController.php(308): CAction->runWithParams(Array)
#11 C:\wamp\www\yii\framework\web\CController.php(286): CController->runAction(Object(CViewAction))
#12 C:\wamp\www\yii\framework\web\CController.php(265): CController->runActionWithFilters(Object(CViewAction), Array)
#13 C:\wamp\www\yii\framework\web\CWebApplication.php(282): CController->run('page')
#14 C:\wamp\www\yii\framework\web\CWebApplication.php(141): CWebApplication->runController('site/page')
#15 C:\wamp\www\yii\framework\base\CApplication.php(180): CWebApplication->processRequest()
#16 C:\wamp\www\project\index.php(13): CApplication->run()
#17 {main}
REQUEST_URI=/project/index.php?r=site/page&view=about
HTTP_REFERER=http://localhost/project/index.php?r=product/view&id=2
---
